Determining if the pthread_create exist failed with the following output:
Change Dir: /home/nandi/Workspaces/git/RCRob/C++/build/CMakeFiles/CMakeTmp

Run Build Command:"/usr/bin/make" "cmTC_15b8d/fast"
make[1]: Entering directory `/home/nandi/Workspaces/git/RCRob/C++/build/CMakeFiles/CMakeTmp'
/usr/bin/make -f CMakeFiles/cmTC_15b8d.dir/build.make CMakeFiles/cmTC_15b8d.dir/build
make[2]: Entering directory `/home/nandi/Workspaces/git/RCRob/C++/build/CMakeFiles/CMakeTmp'
Building C object CMakeFiles/cmTC_15b8d.dir/CheckSymbolExists.c.o
/usr/bin/cc    -o CMakeFiles/cmTC_15b8d.dir/CheckSymbolExists.c.o   -c /home/nandi/Workspaces/git/RCRob/C++/build/CMakeFiles/CMakeTmp/CheckSymbolExists.c
Linking C executable cmTC_15b8d
/usr/local/bin/cmake -E cmake_link_script CMakeFiles/cmTC_15b8d.dir/link.txt --verbose=1
/usr/bin/cc      -rdynamic CMakeFiles/cmTC_15b8d.dir/CheckSymbolExists.c.o  -o cmTC_15b8d 
CMakeFiles/cmTC_15b8d.dir/CheckSymbolExists.c.o: In function `main':
CheckSymbolExists.c:(.text+0x16): undefined reference to `pthread_create'
collect2: error: ld returned 1 exit status
make[2]: *** [cmTC_15b8d] Error 1
make[2]: Leaving directory `/home/nandi/Workspaces/git/RCRob/C++/build/CMakeFiles/CMakeTmp'
make[1]: *** [cmTC_15b8d/fast] Error 2
make[1]: Leaving directory `/home/nandi/Workspaces/git/RCRob/C++/build/CMakeFiles/CMakeTmp'

File /home/nandi/Workspaces/git/RCRob/C++/build/CMakeFiles/CMakeTmp/CheckSymbolExists.c:
/* */
#include <pthread.h>

int main(int argc, char** argv)
{
  (void)argv;
#ifndef pthread_create
  return ((int*)(&pthread_create))[argc];
#else
  (void)argc;
  return 0;
#endif
}

Determining if the function pthread_create exists in the pthreads failed with the following output:
Change Dir: /home/nandi/Workspaces/git/RCRob/C++/build/CMakeFiles/CMakeTmp

Run Build Command:"/usr/bin/make" "cmTC_46c58/fast"
make[1]: Entering directory `/home/nandi/Workspaces/git/RCRob/C++/build/CMakeFiles/CMakeTmp'
/usr/bin/make -f CMakeFiles/cmTC_46c58.dir/build.make CMakeFiles/cmTC_46c58.dir/build
make[2]: Entering directory `/home/nandi/Workspaces/git/RCRob/C++/build/CMakeFiles/CMakeTmp'
Building C object CMakeFiles/cmTC_46c58.dir/CheckFunctionExists.c.o
/usr/bin/cc   -DCHECK_FUNCTION_EXISTS=pthread_create   -o CMakeFiles/cmTC_46c58.dir/CheckFunctionExists.c.o   -c /usr/local/share/cmake-3.10/Modules/CheckFunctionExists.c
Linking C executable cmTC_46c58
/usr/local/bin/cmake -E cmake_link_script CMakeFiles/cmTC_46c58.dir/link.txt --verbose=1
/usr/bin/cc  -DCHECK_FUNCTION_EXISTS=pthread_create    -rdynamic CMakeFiles/cmTC_46c58.dir/CheckFunctionExists.c.o  -o cmTC_46c58 -lpthreads 
/usr/bin/ld: cannot find -lpthreads
collect2: error: ld returned 1 exit status
make[2]: *** [cmTC_46c58] Error 1
make[2]: Leaving directory `/home/nandi/Workspaces/git/RCRob/C++/build/CMakeFiles/CMakeTmp'
make[1]: *** [cmTC_46c58/fast] Error 2
make[1]: Leaving directory `/home/nandi/Workspaces/git/RCRob/C++/build/CMakeFiles/CMakeTmp'


